<?xml version="1.0" encoding="UTF-8"?>
<!-- Generated by org.testng.reporters.JUnitReportReporter -->
<testsuite hostname="DESKTOP-QJCC82C" failures="0" tests="2" name="tests.testCase_10" time="19.625" errors="0" timestamp="2025-05-16T18:06:40 EEST" skipped="0">
  <testcase classname="tests.testCase_10" name="invalidEmailInHomePage" time="10.523"/>
  <testcase classname="tests.testCase_10" name="validEmailInHomePage" time="9.102"/>
</testsuite> <!-- tests.testCase_10 -->
