<?xml version="1.0" encoding="UTF-8"?>
<!-- Generated by org.testng.reporters.JUnitReportReporter -->
<testsuite hostname="DESKTOP-QJCC82C" failures="0" tests="1" name="selenium_Package.Automation_Project.testCase_13" time="10.037" errors="0" timestamp="2025-05-11T19:16:06 EEST" skipped="0">
  <testcase classname="selenium_Package.Automation_Project.testCase_13" name="test" time="10.037"/>
</testsuite> <!-- selenium_Package.Automation_Project.testCase_13 -->
