<?xml version="1.0" encoding="UTF-8"?>
<!-- Generated by org.testng.reporters.JUnitReportReporter -->
<testsuite hostname="DESKTOP-QJCC82C" failures="0" tests="2" name="tests.testCase_14" time="52.493" errors="0" timestamp="2025-05-17T21:36:33 EEST" skipped="0">
  <testcase classname="tests.testCase_14" name="testSignupWithExistingEmail" time="16.026"/>
  <testcase classname="tests.testCase_14" name="singupWithNonExistingEmail" time="36.467"/>
</testsuite> <!-- tests.testCase_14 -->
