<?xml version="1.0" encoding="UTF-8"?>
<!-- Generated by org.testng.reporters.JUnitReportReporter -->
<testsuite hostname="DESKTOP-QJCC82C" failures="0" tests="2" name="project_MyTestCodes.testCase_15" time="31.827" errors="0" timestamp="2025-05-12T15:57:52 EEST" skipped="0">
  <testcase classname="project_MyTestCodes.testCase_15" name="testSignupWithExistingEmail" time="4.210"/>
  <testcase classname="project_MyTestCodes.testCase_15" name="test" time="27.617"/>
</testsuite> <!-- project_MyTestCodes.testCase_15 -->
