<?xml version="1.0" encoding="UTF-8"?>
<!-- Generated by org.testng.reporters.JUnitReportReporter -->
<testsuite hostname="DESKTOP-QJCC82C" failures="0" tests="2" name="project_MyTestCodes.testCase_14" time="38.777" errors="0" timestamp="2025-05-14T17:13:43 EEST" skipped="0">
  <testcase classname="project_MyTestCodes.testCase_14" name="testSignupWithExistingEmail" time="4.942"/>
  <testcase classname="project_MyTestCodes.testCase_14" name="singupWithNonExistingEmail" time="33.835"/>
</testsuite> <!-- project_MyTestCodes.testCase_14 -->
