<?xml version="1.0" encoding="UTF-8"?>
<!-- Generated by org.testng.reporters.JUnitReportReporter -->
<testsuite hostname="DESKTOP-QJCC82C" failures="0" tests="1" name="tests.testCase_20" time="47.221" errors="0" timestamp="2025-06-15T20:50:39 EEST" skipped="0">
  <testcase classname="tests.testCase_20" name="searchAndVerify" time="47.221"/>
</testsuite> <!-- tests.testCase_20 -->
