<?xml version="1.0" encoding="UTF-8"?>
<!-- Generated by org.testng.reporters.JUnitReportReporter -->
<testsuite hostname="DESKTOP-QJCC82C" failures="0" tests="2" name="tests.testCase_12" time="38.496" errors="0" timestamp="2025-06-04T19:19:47 EEST" skipped="0">
  <testcase classname="tests.testCase_12" name="addingTwoProducts" time="22.201"/>
  <testcase classname="tests.testCase_12" name="addingOnlyOneProduct" time="16.295"/>
</testsuite> <!-- tests.testCase_12 -->
