<?xml version="1.0" encoding="UTF-8"?>
<!-- Generated by org.testng.reporters.JUnitReportReporter -->
<testsuite hostname="DESKTOP-QJCC82C" failures="0" tests="1" name="tests.testCase_19" time="19.861" errors="0" timestamp="2025-06-13T04:14:45 EEST" skipped="0">
  <testcase classname="tests.testCase_19" name="viewAndCartBrandProduct" time="19.861"/>
</testsuite> <!-- tests.testCase_19 -->
