<?xml version="1.0" encoding="UTF-8"?>
<!-- Generated by org.testng.reporters.JUnitReportReporter -->
<testsuite hostname="DESKTOP-QJCC82C" failures="0" tests="2" name="tests.testCase_15" time="190.243" errors="0" timestamp="2025-05-17T22:09:04 EEST" skipped="0">
  <testcase classname="tests.testCase_15" name="testSignupWithExistingEmail" time="65.776"/>
  <testcase classname="tests.testCase_15" name="test" time="124.467"/>
</testsuite> <!-- tests.testCase_15 -->
