<?xml version="1.0" encoding="UTF-8"?>
<!-- Generated by org.testng.reporters.JUnitReportReporter -->
<testsuite hostname="DESKTOP-QJCC82C" failures="0" tests="1" name="tests.testCase_8" time="44.806" errors="0" timestamp="2025-06-10T01:52:18 EEST" skipped="0">
  <testcase classname="tests.testCase_8" name="verifyProductsAndDetails" time="44.806"/>
</testsuite> <!-- tests.testCase_8 -->
