<?xml version="1.0" encoding="UTF-8"?>
<!-- Generated by org.testng.reporters.JUnitReportReporter -->
<testsuite hostname="DESKTOP-QJCC82C" failures="0" tests="1" name="tests.testCase_17" time="29.026" errors="0" timestamp="2025-06-11T02:56:09 EEST" skipped="0">
  <testcase classname="tests.testCase_17" name="removeProductTest" time="29.026"/>
</testsuite> <!-- tests.testCase_17 -->
