<?xml version="1.0" encoding="UTF-8"?>
<!-- Generated by org.testng.reporters.JUnitReportReporter -->
<testsuite hostname="DESKTOP-QJCC82C" failures="0" tests="1" name="tests.testCase_26" time="10.102" errors="0" timestamp="2025-06-16T00:16:33 EEST" skipped="0">
  <testcase classname="tests.testCase_26" name="scrollWithOutArrowHelpTest" time="10.102"/>
</testsuite> <!-- tests.testCase_26 -->
