<?xml version="1.0" encoding="UTF-8"?>
<!-- Generated by org.testng.reporters.JUnitReportReporter -->
<testsuite hostname="DESKTOP-QJCC82C" failures="0" tests="1" name="selenium_Package.Automation_Project.testCase_12" time="9.923" errors="0" timestamp="2025-05-11T18:44:38 EEST" skipped="0">
  <testcase classname="selenium_Package.Automation_Project.testCase_12" name="test" time="9.923"/>
</testsuite> <!-- selenium_Package.Automation_Project.testCase_12 -->
