<?xml version="1.0" encoding="UTF-8"?>
<!-- Generated by org.testng.reporters.JUnitReportReporter -->
<testsuite hostname="DESKTOP-QJCC82C" failures="0" tests="2" name="tests.testCase_16" time="81.480" errors="0" timestamp="2025-06-16T01:24:18 EEST" skipped="0">
  <testcase classname="tests.testCase_16" name="everythingValid" time="44.803"/>
  <testcase classname="tests.testCase_16" name="testInvalidPaymentDetails" time="36.677"/>
</testsuite> <!-- tests.testCase_16 -->
