<?xml version="1.0" encoding="UTF-8"?>
<!-- Generated by org.testng.reporters.JUnitReportReporter -->
<testsuite hostname="DESKTOP-QJCC82C" failures="0" tests="2" name="tests.testCase_10" time="22.540" errors="0" timestamp="2025-06-04T18:22:33 EEST" skipped="0">
  <testcase classname="tests.testCase_10" name="validEmailInHomePage" time="13.396"/>
  <testcase classname="tests.testCase_10" name="invalidEmailInHomePage" time="9.144"/>
</testsuite> <!-- tests.testCase_10 -->
