<?xml version="1.0" encoding="UTF-8"?>
<!-- Generated by org.testng.reporters.JUnitReportReporter -->
<testsuite hostname="DESKTOP-QJCC82C" failures="0" tests="1" name="tests.testCase_18" time="19.305" errors="0" timestamp="2025-06-11T05:31:38 EEST" skipped="0">
  <testcase classname="tests.testCase_18" name="viewCatagoryProductTest" time="19.305"/>
</testsuite> <!-- tests.testCase_18 -->
