<?xml version="1.0" encoding="UTF-8"?>
<!-- Generated by org.testng.reporters.JUnitReportReporter -->
<testsuite hostname="DESKTOP-QJCC82C" failures="0" tests="2" name="project_MyTestCodes.testCase_12" time="54.278" errors="0" timestamp="2025-05-14T18:29:59 EEST" skipped="0">
  <testcase classname="project_MyTestCodes.testCase_12" name="addingTwoProducts" time="21.182"/>
  <testcase classname="project_MyTestCodes.testCase_12" name="addingOnlyOneProduct" time="33.096"/>
</testsuite> <!-- project_MyTestCodes.testCase_12 -->
