<?xml version="1.0" encoding="UTF-8"?>
<!-- Generated by org.testng.reporters.JUnitReportReporter -->
<testsuite hostname="DESKTOP-QJCC82C" failures="0" tests="1" name="selenium_Package.Automation_Project.testCase_16" time="22.853" errors="0" timestamp="2025-05-11T21:15:29 EEST" skipped="0">
  <testcase classname="selenium_Package.Automation_Project.testCase_16" name="test" time="22.853"/>
</testsuite> <!-- selenium_Package.Automation_Project.testCase_16 -->
