<?xml version="1.0" encoding="UTF-8"?>
<!-- Generated by org.testng.reporters.JUnitReportReporter -->
<testsuite hostname="DESKTOP-QJCC82C" failures="0" tests="1" name="tests.testCase_6" time="56.296" errors="0" timestamp="2025-06-09T19:55:15 EEST" skipped="0">
  <testcase classname="tests.testCase_6" name="positive_ContactUsForm" time="56.296"/>
</testsuite> <!-- tests.testCase_6 -->
