<?xml version="1.0" encoding="UTF-8"?>
<!-- Generated by org.testng.reporters.JUnitReportReporter -->
<testsuite hostname="DESKTOP-QJCC82C" failures="0" tests="2" name="tests.testCase_1" time="38.679" errors="0" timestamp="2025-06-16T01:43:16 EEST" skipped="0">
  <testcase classname="tests.testCase_1" name="positive_signUpTest" time="25.532"/>
  <testcase classname="tests.testCase_1" name="testSignupWithExistingEmail" time="13.147"/>
</testsuite> <!-- tests.testCase_1 -->
