<?xml version="1.0" encoding="UTF-8"?>
<!-- Generated by org.testng.reporters.JUnitReportReporter -->
<testsuite hostname="DESKTOP-QJCC82C" failures="0" tests="2" name="project_MyTestCodes.testCase_10" time="0.841" errors="0" timestamp="2025-05-14T16:54:30 EEST" skipped="0">
  <testcase classname="project_MyTestCodes.testCase_10" name="validEmailInHomePage" time="0.340"/>
  <testcase classname="project_MyTestCodes.testCase_10" name="invalidEmailInHomePage" time="0.501"/>
</testsuite> <!-- project_MyTestCodes.testCase_10 -->
