<?xml version="1.0" encoding="UTF-8"?>
<!-- Generated by org.testng.reporters.JUnitReportReporter -->
<testsuite hostname="DESKTOP-QJCC82C" failures="0" tests="2" name="tests.testCase_11" time="23.571" errors="0" timestamp="2025-06-04T18:23:12 EEST" skipped="0">
  <testcase classname="tests.testCase_11" name="validEmailInCartPage" time="12.442"/>
  <testcase classname="tests.testCase_11" name="invalidEmailInCartPage" time="11.129"/>
</testsuite> <!-- tests.testCase_11 -->
