<?xml version="1.0" encoding="UTF-8"?>
<!-- Generated by org.testng.reporters.JUnitReportReporter -->
<testsuite hostname="DESKTOP-QJCC82C" failures="0" tests="2" name="project_MyTestCodes.testCase_11" time="4.021" errors="0" timestamp="2025-05-14T16:56:10 EEST" skipped="0">
  <testcase classname="project_MyTestCodes.testCase_11" name="invalidEmailInCartPage" time="2.194"/>
  <testcase classname="project_MyTestCodes.testCase_11" name="validEmailInCartPage" time="1.827"/>
</testsuite> <!-- project_MyTestCodes.testCase_11 -->
