<?xml version="1.0" encoding="UTF-8"?>
<!-- Generated by org.testng.reporters.JUnitReportReporter -->
<testsuite hostname="DESKTOP-QJCC82C" failures="0" tests="2" name="project_MyTestCodes.testCase_16" time="113.078" errors="0" timestamp="2025-05-12T16:00:15 EEST" skipped="0">
  <testcase classname="project_MyTestCodes.testCase_16" name="everythingValid" time="58.396"/>
  <testcase classname="project_MyTestCodes.testCase_16" name="testInvalidPaymentDetails" time="54.682"/>
</testsuite> <!-- project_MyTestCodes.testCase_16 -->
