<?xml version="1.0" encoding="UTF-8"?>
<!-- Generated by org.testng.reporters.JUnitReportReporter -->
<testsuite hostname="DESKTOP-QJCC82C" failures="0" tests="1" name="tests.testCase_24" time="51.139" errors="0" timestamp="2025-06-16T00:05:44 EEST" skipped="0">
  <testcase classname="tests.testCase_24" name="downloadInvoiceTest" time="51.139"/>
</testsuite> <!-- tests.testCase_24 -->
