<?xml version="1.0" encoding="UTF-8"?>
<!-- Generated by org.testng.reporters.JUnitReportReporter -->
<testsuite hostname="DESKTOP-QJCC82C" failures="0" tests="1" name="project_MyTestCodes.asdasdsa" time="22.493" errors="0" timestamp="2025-05-11T21:24:05 EEST" skipped="0">
  <testcase classname="project_MyTestCodes.asdasdsa" name="test" time="22.493"/>
</testsuite> <!-- project_MyTestCodes.asdasdsa -->
