<?xml version="1.0" encoding="UTF-8"?>
<!-- Generated by org.testng.reporters.JUnitReportReporter -->
<testsuite hostname="DESKTOP-QJCC82C" failures="0" tests="1" name="tests.testCase_23" time="31.351" errors="0" timestamp="2025-06-15T23:27:30 EEST" skipped="0">
  <testcase classname="tests.testCase_23" name="addressDetialsTest" time="31.351"/>
</testsuite> <!-- tests.testCase_23 -->
