<?xml version="1.0" encoding="UTF-8"?>
<!-- Generated by org.testng.reporters.JUnitReportReporter -->
<testsuite hostname="DESKTOP-QJCC82C" failures="0" tests="2" name="tests.testCase_11" time="24.214" errors="0" timestamp="2025-05-17T06:27:35 EEST" skipped="0">
  <testcase classname="tests.testCase_11" name="validEmailInCartPage" time="13.264"/>
  <testcase classname="tests.testCase_11" name="invalidEmailInCartPage" time="10.950"/>
</testsuite> <!-- tests.testCase_11 -->
