<?xml version="1.0" encoding="UTF-8"?>
<!-- Generated by org.testng.reporters.JUnitReportReporter -->
<testsuite hostname="DESKTOP-QJCC82C" failures="0" tests="2" name="tests.testCase_12" time="39.504" errors="0" timestamp="2025-05-17T06:28:27 EEST" skipped="0">
  <testcase classname="tests.testCase_12" name="addingTwoProducts" time="21.251"/>
  <testcase classname="tests.testCase_12" name="addingOnlyOneProduct" time="18.253"/>
</testsuite> <!-- tests.testCase_12 -->
