<?xml version="1.0" encoding="UTF-8"?>
<!-- Generated by org.testng.reporters.JUnitReportReporter -->
<testsuite hostname="DESKTOP-QJCC82C" failures="0" tests="2" name="selenium_Package.Automation_Project.Login_Test" time="10.308" errors="0" timestamp="2025-04-16T23:15:59 EET" skipped="0">
  <testcase classname="selenium_Package.Automation_Project.Login_Test" name="testLogin_PositiveCase" time="6.664"/>
  <testcase classname="selenium_Package.Automation_Project.Login_Test" name="testLogin_NegativeCase" time="3.644"/>
</testsuite> <!-- selenium_Package.Automation_Project.Login_Test -->
