<?xml version="1.0" encoding="UTF-8"?>
<!-- Generated by org.testng.reporters.JUnitReportReporter -->
<testsuite hostname="DESKTOP-QJCC82C" failures="0" tests="1" name="tests.testCase_7" time="24.073" errors="0" timestamp="2025-06-09T20:04:22 EEST" skipped="0">
  <testcase classname="tests.testCase_7" name="verifyTestCasesPage" time="24.073"/>
</testsuite> <!-- tests.testCase_7 -->
