<?xml version="1.0" encoding="UTF-8"?>
<!-- Generated by org.testng.reporters.JUnitReportReporter -->
<testsuite hostname="DESKTOP-QJCC82C" failures="0" tests="1" name="tests.testCase_15" time="33.764" errors="0" timestamp="2025-06-16T01:44:05 EEST" skipped="0">
  <testcase classname="tests.testCase_15" name="test" time="33.764"/>
</testsuite> <!-- tests.testCase_15 -->
