<?xml version="1.0" encoding="UTF-8"?>
<!-- Generated by org.testng.reporters.JUnitReportReporter -->
<testsuite hostname="DESKTOP-QJCC82C" failures="0" tests="1" name="tests.testCase_14" time="35.296" errors="0" timestamp="2025-06-16T01:49:41 EEST" skipped="0">
  <testcase classname="tests.testCase_14" name="singupWithNonExistingEmail" time="35.296"/>
</testsuite> <!-- tests.testCase_14 -->
