<?xml version="1.0" encoding="UTF-8"?>
<!-- Generated by org.testng.reporters.JUnitReportReporter -->
<testsuite hostname="DESKTOP-QJCC82C" failures="0" tests="1" name="tests.testCase_25" time="11.268" errors="0" timestamp="2025-06-16T00:13:02 EEST" skipped="0">
  <testcase classname="tests.testCase_25" name="arrowUpTest" time="11.268"/>
</testsuite> <!-- tests.testCase_25 -->
